<?xml version="1.0" encoding="UTF-8"?>
<testsuite xmlns:xsi="http://www.w3.org/2001/XMLSchema-instance" xsi:noNamespaceSchemaLocation="https://maven.apache.org/surefire/maven-surefire-plugin/xsd/surefire-test-report.xsd" name="com.mercadolivre.simios.helper.DnaHelperTest" time="0.08" tests="8" errors="0" skipped="0" failures="0">
  <properties>
[...]
</properties>
  <testcase name="testSimianDiagonalBasedOneFoundFail" classname="com.mercadolivre.simios.helper.DnaHelperTest" time="0.003"/>
  <testcase name="testSimianColumnBasedSuccess" classname="com.mercadolivre.simios.helper.DnaHelperTest" time="0.002"/>
  <testcase name="testSimianLineBasedSuccess" classname="com.mercadolivre.simios.helper.DnaHelperTest" time="0.003"/>
  <testcase name="testSimianDiagonalReverseBasedSuccess" classname="com.mercadolivre.simios.helper.DnaHelperTest" time="0.002"/>
  <testcase name="testSimianDiagonalReverseBasedOneFoundFail" classname="com.mercadolivre.simios.helper.DnaHelperTest" time="0.002"/>
  <testcase name="testSimianLineBasedOneFoundFail" classname="com.mercadolivre.simios.helper.DnaHelperTest" time="0.002"/>
  <testcase name="testSimianColumnBasedOneFoundFail" classname="com.mercadolivre.simios.helper.DnaHelperTest" time="0.002"/>
  <testcase name="testSimianDiagonalBasedSuccess" classname="com.mercadolivre.simios.helper.DnaHelperTest" time="0.002"/>
</testsuite>